Backend server running on http://localhost:3001
API available at http://localhost:3001/api
Demo serving at http://localhost:3001/demo/:subdomain/*
[0mGET /api/health [32m200[0m 2.399 ms - 84[0m
[0mPOST /api/auth/google [33m400[0m 16.466 ms - 42[0m
[0mPOST /api/auth/login [33m401[0m 4.268 ms - 45[0m
[0mPOST /api/auth/google [32m200[0m 6.936 ms - 460[0m
[0mPOST /api/auth/google [32m200[0m 2.216 ms - 460[0m
[0mGET /api/users [32m200[0m 2.507 ms - 1438[0m
[0mPOST /api/auth/google [32m200[0m 1.272 ms - 460[0m
[0mGET /api/projects [32m200[0m 3.780 ms - 2177[0m
[0mGET /api/dashboard [33m404[0m 0.310 ms - 38[0m
[0mGET /api/analytics/overview [32m200[0m 1.989 ms - 192[0m
[0mPOST /api/auth/login [32m200[0m 82.418 ms - 476[0m
[0mPOST /api/auth/google [32m200[0m 0.925 ms - 460[0m
[0mGET /api/projects [32m200[0m 2.166 ms - 2177[0m
[0mGET /api/projects/d3974bae-01b8-4abf-8b6c-15232f38f482/versions [32m200[0m 1.407 ms - 792[0m
[0mPOST /api/auth/google [32m200[0m 2.520 ms - 486[0m
[0mPOST /api/auth/verify [32m200[0m 0.860 ms - 194[0m
[0mGET /api/analytics/overview [32m200[0m 1.003 ms - 192[0m
[0mGET /api/analytics/overview [36m304[0m 0.731 ms - -[0m
[0mGET /api/update-requests [32m200[0m 5.686 ms - -[0m
[0mGET /api/projects [32m200[0m 2.058 ms - -[0m
[0mGET /api/analytics/sessions?limit=50 [32m200[0m 1.497 ms - -[0m
[0mGET /api/projects [36m304[0m 1.254 ms - -[0m
[0mGET /api/projects/4343b3fe-394b-4c82-b9ca-5e725e12078e [32m200[0m 0.531 ms - 830[0m
[0mGET /api/projects/5fbe0820-074a-48ad-9181-2ad8accb4efd [32m200[0m 0.311 ms - 833[0m
[0mGET /api/projects/53cc710e-e3fe-4e49-b9e5-77b479a1a8e4 [32m200[0m 0.275 ms - 815[0m
[0mGET /api/projects/f3528b20-5d4a-4dbb-b42d-baafd004254c [32m200[0m 0.261 ms - 826[0m
[0mGET /api/projects/d3974bae-01b8-4abf-8b6c-15232f38f482 [32m200[0m 1.800 ms - -[0m
[0mGET /api/projects/db7435de-3a4c-4449-a653-1220dd486fa2 [32m200[0m 0.584 ms - -[0m
[0mGET /api/projects/d3974bae-01b8-4abf-8b6c-15232f38f482 [36m304[0m 0.447 ms - -[0m
[0mGET /api/projects/7355a433-204c-4f13-9342-30b373a8c334 [32m200[0m 0.419 ms - -[0m
[0mGET /api/versions/6eea495c-6991-4aec-a67b-2e4bbc6f6744/assignments [32m200[0m 0.683 ms - 406[0m
[0mGET /api/projects/4343b3fe-394b-4c82-b9ca-5e725e12078e [36m304[0m 0.682 ms - -[0m
[0mGET /api/versions/65f69bbe-3e40-4f75-a18a-77baaceed7be/assignments [32m200[0m 0.406 ms - 11[0m
[0mGET /api/projects/db7435de-3a4c-4449-a653-1220dd486fa2 [36m304[0m 0.776 ms - -[0m
[0mGET /api/versions/9e041323-2b37-4fb0-a587-6a9ca0797178/assignments [32m200[0m 0.536 ms - 11[0m
[0mGET /api/projects/5fbe0820-074a-48ad-9181-2ad8accb4efd [36m304[0m 0.492 ms - -[0m
[0mGET /api/versions/e6ac73ca-08bf-4d19-842a-cf7e090d4f00/assignments [32m200[0m 0.477 ms - 407[0m
[0mGET /api/projects/f3528b20-5d4a-4dbb-b42d-baafd004254c [36m304[0m 0.401 ms - -[0m
[0mGET /api/versions/ee87c029-427d-45d2-a771-10f32446ab14/assignments [32m200[0m 0.404 ms - 11[0m
[0mGET /api/projects/53cc710e-e3fe-4e49-b9e5-77b479a1a8e4 [36m304[0m 0.394 ms - -[0m
[0mGET /api/versions/669e2bbf-8366-4f8f-962b-17945ca3222a/assignments [32m200[0m 0.362 ms - 11[0m
[0mGET /api/projects/7355a433-204c-4f13-9342-30b373a8c334 [36m304[0m 0.416 ms - -[0m
[0mGET /api/versions/70d7b50f-4600-4c4a-86e0-aa8ad085516a/assignments [32m200[0m 0.427 ms - 11[0m
[0mPOST /api/auth/google [32m200[0m 1.021 ms - 486[0m
[0mPOST /api/auth/verify [32m200[0m 0.426 ms - 194[0m
[0mGET /api/analytics/overview [32m200[0m 0.505 ms - 192[0m
[0mGET /api/analytics/overview [36m304[0m 0.314 ms - -[0m
[0mGET /api/projects [32m200[0m 1.930 ms - -[0m
[0mGET /api/projects [36m304[0m 0.977 ms - -[0m
[0mGET /api/update-requests [32m200[0m 0.457 ms - -[0m
[0mGET /api/analytics/sessions?limit=50 [32m200[0m 0.830 ms - -[0m
[0mGET /api/projects/d3974bae-01b8-4abf-8b6c-15232f38f482 [32m200[0m 0.750 ms - -[0m
[0mGET /api/projects/d3974bae-01b8-4abf-8b6c-15232f38f482 [36m304[0m 0.433 ms - -[0m
[0mGET /api/projects/4343b3fe-394b-4c82-b9ca-5e725e12078e [32m200[0m 0.342 ms - 830[0m
[0mGET /api/projects/5fbe0820-074a-48ad-9181-2ad8accb4efd [32m200[0m 0.374 ms - 833[0m
[0mGET /api/projects/f3528b20-5d4a-4dbb-b42d-baafd004254c [32m200[0m 0.259 ms - 826[0m
[0mGET /api/projects/53cc710e-e3fe-4e49-b9e5-77b479a1a8e4 [32m200[0m 0.460 ms - 815[0m
[0mGET /api/versions/6eea495c-6991-4aec-a67b-2e4bbc6f6744/assignments [32m200[0m 0.342 ms - 406[0m
[0mGET /api/projects/db7435de-3a4c-4449-a653-1220dd486fa2 [32m200[0m 0.610 ms - -[0m
[0mGET /api/projects/7355a433-204c-4f13-9342-30b373a8c334 [32m200[0m 0.407 ms - -[0m
[0mGET /api/projects/4343b3fe-394b-4c82-b9ca-5e725e12078e [36m304[0m 0.429 ms - -[0m
[0mGET /api/versions/65f69bbe-3e40-4f75-a18a-77baaceed7be/assignments [32m200[0m 0.393 ms - 11[0m
[0mGET /api/projects/db7435de-3a4c-4449-a653-1220dd486fa2 [36m304[0m 0.434 ms - -[0m
[0mGET /api/versions/9e041323-2b37-4fb0-a587-6a9ca0797178/assignments [32m200[0m 0.298 ms - 11[0m
[0mGET /api/projects/5fbe0820-074a-48ad-9181-2ad8accb4efd [36m304[0m 0.350 ms - -[0m
[0mGET /api/versions/e6ac73ca-08bf-4d19-842a-cf7e090d4f00/assignments [32m200[0m 0.289 ms - 407[0m
[0mGET /api/projects/f3528b20-5d4a-4dbb-b42d-baafd004254c [36m304[0m 0.310 ms - -[0m
[0mGET /api/versions/ee87c029-427d-45d2-a771-10f32446ab14/assignments [32m200[0m 0.211 ms - 11[0m
[0mGET /api/projects/53cc710e-e3fe-4e49-b9e5-77b479a1a8e4 [36m304[0m 0.257 ms - -[0m
[0mGET /api/versions/669e2bbf-8366-4f8f-962b-17945ca3222a/assignments [32m200[0m 0.238 ms - 11[0m
[0mGET /api/projects/7355a433-204c-4f13-9342-30b373a8c334 [36m304[0m 0.328 ms - -[0m
[0mGET /api/versions/70d7b50f-4600-4c4a-86e0-aa8ad085516a/assignments [32m200[0m 0.219 ms - 11[0m
[0mPOST /api/auth/google [32m200[0m 0.573 ms - 486[0m
[0mPOST /api/auth/verify [32m200[0m 0.304 ms - 194[0m
[0mGET /api/analytics/overview [32m200[0m 0.714 ms - 192[0m
[0mGET /api/projects [32m200[0m 1.447 ms - -[0m
[0mGET /api/analytics/overview [36m304[0m 1.344 ms - -[0m
[0mGET /api/update-requests [32m200[0m 0.592 ms - -[0m
[0mGET /api/projects [36m304[0m 0.997 ms - -[0m
[0mGET /api/analytics/sessions?limit=50 [32m200[0m 1.008 ms - -[0m
[0mGET /api/projects/d3974bae-01b8-4abf-8b6c-15232f38f482 [32m200[0m 0.776 ms - -[0m
[0mGET /api/projects/d3974bae-01b8-4abf-8b6c-15232f38f482 [36m304[0m 0.531 ms - -[0m
[0mGET /api/projects/5fbe0820-074a-48ad-9181-2ad8accb4efd [32m200[0m 0.241 ms - 833[0m
[0mGET /api/projects/4343b3fe-394b-4c82-b9ca-5e725e12078e [32m200[0m 0.232 ms - 830[0m
[0mGET /api/projects/f3528b20-5d4a-4dbb-b42d-baafd004254c [32m200[0m 0.611 ms - 826[0m
[0mGET /api/projects/53cc710e-e3fe-4e49-b9e5-77b479a1a8e4 [32m200[0m 0.296 ms - 815[0m
[0mGET /api/versions/6eea495c-6991-4aec-a67b-2e4bbc6f6744/assignments [32m200[0m 0.263 ms - 406[0m
[0mGET /api/projects/db7435de-3a4c-4449-a653-1220dd486fa2 [32m200[0m 0.825 ms - -[0m
[0mGET /api/projects/7355a433-204c-4f13-9342-30b373a8c334 [32m200[0m 0.345 ms - -[0m
[0mGET /api/projects/4343b3fe-394b-4c82-b9ca-5e725e12078e [36m304[0m 0.456 ms - -[0m
[0mGET /api/versions/65f69bbe-3e40-4f75-a18a-77baaceed7be/assignments [32m200[0m 0.279 ms - 11[0m
[0mGET /api/projects/db7435de-3a4c-4449-a653-1220dd486fa2 [36m304[0m 0.465 ms - -[0m
[0mGET /api/versions/9e041323-2b37-4fb0-a587-6a9ca0797178/assignments [32m200[0m 0.353 ms - 11[0m
[0mGET /api/projects/5fbe0820-074a-48ad-9181-2ad8accb4efd [36m304[0m 0.472 ms - -[0m
[0mGET /api/versions/e6ac73ca-08bf-4d19-842a-cf7e090d4f00/assignments [32m200[0m 0.363 ms - 407[0m
[0mGET /api/projects/f3528b20-5d4a-4dbb-b42d-baafd004254c [36m304[0m 0.314 ms - -[0m
[0mGET /api/versions/ee87c029-427d-45d2-a771-10f32446ab14/assignments [32m200[0m 0.336 ms - 11[0m
[0mGET /api/projects/53cc710e-e3fe-4e49-b9e5-77b479a1a8e4 [36m304[0m 0.293 ms - -[0m
[0mGET /api/versions/669e2bbf-8366-4f8f-962b-17945ca3222a/assignments [32m200[0m 0.204 ms - 11[0m
[0mGET /api/projects/7355a433-204c-4f13-9342-30b373a8c334 [36m304[0m 0.280 ms - -[0m
[0mGET /api/versions/70d7b50f-4600-4c4a-86e0-aa8ad085516a/assignments [32m200[0m 0.191 ms - 11[0m
[0mGET /api/projects [36m304[0m 1.474 ms - -[0m
[0mPOST /api/auth/google [32m200[0m 0.951 ms - 486[0m
[0mPOST /api/auth/verify [32m200[0m 0.409 ms - 194[0m
[0mGET /api/analytics/overview [32m200[0m 0.616 ms - 192[0m
[0mGET /api/analytics/overview [36m304[0m 0.301 ms - -[0m
[0mGET /api/projects [32m200[0m 2.201 ms - -[0m
[0mGET /api/update-requests [32m200[0m 0.695 ms - -[0m
[0mGET /api/projects [36m304[0m 0.995 ms - -[0m
[0mGET /api/analytics/sessions?limit=50 [32m200[0m 1.799 ms - -[0m
[0mPOST /api/auth/verify [32m200[0m 0.428 ms - 194[0m
[0mPOST /api/auth/verify [32m200[0m 0.329 ms - 194[0m
[0mGET /api/projects [36m304[0m 1.646 ms - -[0m
[0mGET /api/analytics/overview [36m304[0m 0.617 ms - -[0m
[0mGET /api/update-requests [36m304[0m 0.364 ms - -[0m
[0mGET /api/projects [36m304[0m 0.753 ms - -[0m
[0mGET /api/projects/d3974bae-01b8-4abf-8b6c-15232f38f482 [32m200[0m 0.655 ms - -[0m
[0mGET /api/versions/6eea495c-6991-4aec-a67b-2e4bbc6f6744/assignments [32m200[0m 0.864 ms - 406[0m
[0mGET /api/projects/4343b3fe-394b-4c82-b9ca-5e725e12078e [32m200[0m 0.318 ms - 830[0m
[0mGET /api/versions/65f69bbe-3e40-4f75-a18a-77baaceed7be/assignments [32m200[0m 0.473 ms - 11[0m
[0mGET /api/projects/db7435de-3a4c-4449-a653-1220dd486fa2 [32m200[0m 0.401 ms - -[0m
[0mGET /api/versions/9e041323-2b37-4fb0-a587-6a9ca0797178/assignments [32m200[0m 0.331 ms - 11[0m
[0mGET /api/projects/5fbe0820-074a-48ad-9181-2ad8accb4efd [32m200[0m 0.287 ms - 833[0m
[0mGET /api/versions/e6ac73ca-08bf-4d19-842a-cf7e090d4f00/assignments [32m200[0m 0.301 ms - 407[0m
[0mGET /api/projects/f3528b20-5d4a-4dbb-b42d-baafd004254c [32m200[0m 0.349 ms - 826[0m
[0mGET /api/versions/ee87c029-427d-45d2-a771-10f32446ab14/assignments [32m200[0m 0.222 ms - 11[0m
[0mGET /api/projects/53cc710e-e3fe-4e49-b9e5-77b479a1a8e4 [32m200[0m 0.220 ms - 815[0m
[0mGET /api/versions/669e2bbf-8366-4f8f-962b-17945ca3222a/assignments [32m200[0m 0.210 ms - 11[0m
[0mGET /api/projects/7355a433-204c-4f13-9342-30b373a8c334 [32m200[0m 0.322 ms - -[0m
[0mGET /api/versions/70d7b50f-4600-4c4a-86e0-aa8ad085516a/assignments [32m200[0m 0.203 ms - 11[0m
[0mPOST /api/auth/google [32m200[0m 1.732 ms - 460[0m
[0mGET /api/projects [32m200[0m 1.906 ms - -[0m
[0mPOST /api/auth/google [32m200[0m 0.644 ms - 486[0m
[0mPOST /api/auth/verify [32m200[0m 0.378 ms - 194[0m
[0mGET /api/analytics/overview [32m200[0m 1.361 ms - 192[0m
[0mGET /api/analytics/overview [36m304[0m 0.478 ms - -[0m
[0mGET /api/projects [32m200[0m 1.712 ms - -[0m
[0mGET /api/update-requests [32m200[0m 0.684 ms - -[0m
[0mGET /api/projects [36m304[0m 0.875 ms - -[0m
[0mGET /api/analytics/sessions?limit=50 [32m200[0m 0.796 ms - -[0m
[0mGET /api/projects/d3974bae-01b8-4abf-8b6c-15232f38f482 [32m200[0m 1.090 ms - -[0m
[0mGET /api/projects/4343b3fe-394b-4c82-b9ca-5e725e12078e [32m200[0m 0.421 ms - 830[0m
[0mGET /api/projects/d3974bae-01b8-4abf-8b6c-15232f38f482 [36m304[0m 0.275 ms - -[0m
[0mGET /api/projects/5fbe0820-074a-48ad-9181-2ad8accb4efd [32m200[0m 0.375 ms - 833[0m
[0mGET /api/projects/53cc710e-e3fe-4e49-b9e5-77b479a1a8e4 [32m200[0m 0.208 ms - 815[0m
[0mGET /api/projects/f3528b20-5d4a-4dbb-b42d-baafd004254c [32m200[0m 0.336 ms - 826[0m
[0mGET /api/projects/7355a433-204c-4f13-9342-30b373a8c334 [32m200[0m 0.268 ms - -[0m
[0mGET /api/projects/db7435de-3a4c-4449-a653-1220dd486fa2 [32m200[0m 0.330 ms - -[0m
[0mGET /api/versions/6eea495c-6991-4aec-a67b-2e4bbc6f6744/assignments [32m200[0m 0.380 ms - 406[0m
[0mGET /api/projects/4343b3fe-394b-4c82-b9ca-5e725e12078e [36m304[0m 0.284 ms - -[0m
[0mGET /api/versions/65f69bbe-3e40-4f75-a18a-77baaceed7be/assignments [32m200[0m 0.188 ms - 11[0m
[0mGET /api/projects/db7435de-3a4c-4449-a653-1220dd486fa2 [36m304[0m 0.289 ms - -[0m
[0mGET /api/versions/9e041323-2b37-4fb0-a587-6a9ca0797178/assignments [32m200[0m 0.486 ms - 11[0m
[0mGET /api/projects/5fbe0820-074a-48ad-9181-2ad8accb4efd [36m304[0m 0.276 ms - -[0m
[0mGET /api/versions/e6ac73ca-08bf-4d19-842a-cf7e090d4f00/assignments [32m200[0m 0.410 ms - 407[0m
[0mGET /api/projects/f3528b20-5d4a-4dbb-b42d-baafd004254c [36m304[0m 0.239 ms - -[0m
[0mGET /api/versions/ee87c029-427d-45d2-a771-10f32446ab14/assignments [32m200[0m 0.228 ms - 11[0m
[0mGET /api/projects/53cc710e-e3fe-4e49-b9e5-77b479a1a8e4 [36m304[0m 0.248 ms - -[0m
[0mGET /api/versions/669e2bbf-8366-4f8f-962b-17945ca3222a/assignments [32m200[0m 0.218 ms - 11[0m
[0mGET /api/projects/7355a433-204c-4f13-9342-30b373a8c334 [36m304[0m 0.466 ms - -[0m
[0mGET /api/versions/70d7b50f-4600-4c4a-86e0-aa8ad085516a/assignments [32m200[0m 0.252 ms - 11[0m
[0mGET /api/projects [36m304[0m 0.975 ms - -[0m
[0mGET /api/projects/d3974bae-01b8-4abf-8b6c-15232f38f482 [36m304[0m 0.610 ms - -[0m
[0mGET /api/projects/4343b3fe-394b-4c82-b9ca-5e725e12078e [36m304[0m 0.345 ms - -[0m
[0mGET /api/projects/db7435de-3a4c-4449-a653-1220dd486fa2 [36m304[0m 0.273 ms - -[0m
[0mGET /api/projects/5fbe0820-074a-48ad-9181-2ad8accb4efd [36m304[0m 0.582 ms - -[0m
[0mGET /api/projects/f3528b20-5d4a-4dbb-b42d-baafd004254c [36m304[0m 0.299 ms - -[0m
[0mGET /api/projects/53cc710e-e3fe-4e49-b9e5-77b479a1a8e4 [36m304[0m 0.218 ms - -[0m
[0mGET /api/projects/7355a433-204c-4f13-9342-30b373a8c334 [36m304[0m 0.401 ms - -[0m
[0mGET /api/analytics/guides [32m200[0m 0.540 ms - 614[0m
[0mGET /api/projects/d3974bae-01b8-4abf-8b6c-15232f38f482/obfuscation [32m200[0m 0.594 ms - -[0m
[0mGET /api/versions/6eea495c-6991-4aec-a67b-2e4bbc6f6744/tree [32m200[0m 0.467 ms - -[0m
[0mPOST /api/auth/google [32m200[0m 0.848 ms - 486[0m
[0mPOST /api/auth/verify [32m200[0m 0.303 ms - 194[0m
[0mGET /api/analytics/overview [32m200[0m 0.842 ms - 192[0m
[0mGET /api/analytics/overview [36m304[0m 0.545 ms - -[0m
[0mGET /api/update-requests [32m200[0m 0.434 ms - -[0m
[0mGET /api/analytics/sessions?limit=50 [32m200[0m 1.247 ms - -[0m
[0mGET /api/projects [32m200[0m 1.224 ms - -[0m
[0mGET /api/projects [36m304[0m 1.042 ms - -[0m
[0mGET /api/projects/d3974bae-01b8-4abf-8b6c-15232f38f482 [32m200[0m 0.409 ms - -[0m
[0mGET /api/projects/d3974bae-01b8-4abf-8b6c-15232f38f482 [36m304[0m 0.399 ms - -[0m
[0mGET /api/projects/4343b3fe-394b-4c82-b9ca-5e725e12078e [32m200[0m 0.287 ms - 830[0m
[0mGET /api/projects/5fbe0820-074a-48ad-9181-2ad8accb4efd [32m200[0m 0.229 ms - 833[0m
[0mGET /api/projects/f3528b20-5d4a-4dbb-b42d-baafd004254c [32m200[0m 0.203 ms - 826[0m
[0mGET /api/projects/53cc710e-e3fe-4e49-b9e5-77b479a1a8e4 [32m200[0m 0.282 ms - 815[0m
[0mGET /api/versions/6eea495c-6991-4aec-a67b-2e4bbc6f6744/assignments [32m200[0m 0.417 ms - 406[0m
[0mGET /api/projects/db7435de-3a4c-4449-a653-1220dd486fa2 [32m200[0m 0.369 ms - -[0m
[0mGET /api/projects/7355a433-204c-4f13-9342-30b373a8c334 [32m200[0m 0.552 ms - -[0m
[0mGET /api/projects/4343b3fe-394b-4c82-b9ca-5e725e12078e [36m304[0m 0.459 ms - -[0m
[0mGET /api/versions/65f69bbe-3e40-4f75-a18a-77baaceed7be/assignments [32m200[0m 0.352 ms - 11[0m
[0mGET /api/projects/db7435de-3a4c-4449-a653-1220dd486fa2 [36m304[0m 0.391 ms - -[0m
[0mGET /api/versions/9e041323-2b37-4fb0-a587-6a9ca0797178/assignments [32m200[0m 0.385 ms - 11[0m
[0mGET /api/projects/5fbe0820-074a-48ad-9181-2ad8accb4efd [36m304[0m 0.299 ms - -[0m
[0mGET /api/versions/e6ac73ca-08bf-4d19-842a-cf7e090d4f00/assignments [32m200[0m 0.276 ms - 407[0m
[0mGET /api/projects/f3528b20-5d4a-4dbb-b42d-baafd004254c [36m304[0m 0.257 ms - -[0m
[0mGET /api/versions/ee87c029-427d-45d2-a771-10f32446ab14/assignments [32m200[0m 0.204 ms - 11[0m
[0mGET /api/projects/53cc710e-e3fe-4e49-b9e5-77b479a1a8e4 [36m304[0m 0.222 ms - -[0m
[0mGET /api/versions/669e2bbf-8366-4f8f-962b-17945ca3222a/assignments [32m200[0m 0.201 ms - 11[0m
[0mGET /api/projects/7355a433-204c-4f13-9342-30b373a8c334 [36m304[0m 0.243 ms - -[0m
[0mGET /api/versions/70d7b50f-4600-4c4a-86e0-aa8ad085516a/assignments [32m200[0m 0.264 ms - 11[0m
[0mGET /api/projects [36m304[0m 1.603 ms - -[0m
[0mGET /api/projects/d3974bae-01b8-4abf-8b6c-15232f38f482/obfuscation [32m200[0m 0.472 ms - -[0m
[0mPOST /api/projects/d3974bae-01b8-4abf-8b6c-15232f38f482/obfuscation/preview [32m200[0m 0.998 ms - 314[0m
[0mPOST /api/auth/google [32m200[0m 0.630 ms - 486[0m
[0mPOST /api/auth/verify [32m200[0m 0.458 ms - 194[0m
[0mGET /api/projects [32m200[0m 1.323 ms - -[0m
[0mGET /api/projects [36m304[0m 0.908 ms - -[0m
[0mGET /api/analytics/overview [32m200[0m 0.775 ms - 192[0m
[0mGET /api/analytics/overview [36m304[0m 0.273 ms - -[0m
[0mGET /api/update-requests [32m200[0m 0.494 ms - -[0m
[0mGET /api/analytics/sessions?limit=50 [32m200[0m 0.802 ms - -[0m
[0mGET /api/projects/d3974bae-01b8-4abf-8b6c-15232f38f482 [32m200[0m 0.459 ms - -[0m
[0mGET /api/projects/d3974bae-01b8-4abf-8b6c-15232f38f482 [36m304[0m 0.423 ms - -[0m
[0mGET /api/projects/4343b3fe-394b-4c82-b9ca-5e725e12078e [32m200[0m 0.245 ms - 830[0m
[0mGET /api/projects/5fbe0820-074a-48ad-9181-2ad8accb4efd [32m200[0m 0.202 ms - 833[0m
[0mGET /api/projects/f3528b20-5d4a-4dbb-b42d-baafd004254c [32m200[0m 0.236 ms - 826[0m
[0mGET /api/projects/53cc710e-e3fe-4e49-b9e5-77b479a1a8e4 [32m200[0m 0.222 ms - 815[0m
[0mGET /api/versions/6eea495c-6991-4aec-a67b-2e4bbc6f6744/assignments [32m200[0m 0.411 ms - 406[0m
[0mGET /api/projects/db7435de-3a4c-4449-a653-1220dd486fa2 [32m200[0m 0.358 ms - -[0m
[0mGET /api/projects/7355a433-204c-4f13-9342-30b373a8c334 [32m200[0m 0.821 ms - -[0m
[0mGET /api/projects/4343b3fe-394b-4c82-b9ca-5e725e12078e [36m304[0m 0.231 ms - -[0m
[0mGET /api/versions/65f69bbe-3e40-4f75-a18a-77baaceed7be/assignments [32m200[0m 0.245 ms - 11[0m
[0mGET /api/projects/db7435de-3a4c-4449-a653-1220dd486fa2 [36m304[0m 0.483 ms - -[0m
[0mGET /api/versions/9e041323-2b37-4fb0-a587-6a9ca0797178/assignments [32m200[0m 0.265 ms - 11[0m
[0mGET /api/projects/5fbe0820-074a-48ad-9181-2ad8accb4efd [36m304[0m 0.226 ms - -[0m
[0mGET /api/versions/e6ac73ca-08bf-4d19-842a-cf7e090d4f00/assignments [32m200[0m 0.199 ms - 407[0m
[0mGET /api/projects/f3528b20-5d4a-4dbb-b42d-baafd004254c [36m304[0m 0.369 ms - -[0m
[0mGET /api/versions/ee87c029-427d-45d2-a771-10f32446ab14/assignments [32m200[0m 0.261 ms - 11[0m
[0mGET /api/projects/53cc710e-e3fe-4e49-b9e5-77b479a1a8e4 [36m304[0m 0.281 ms - -[0m
[0mGET /api/versions/669e2bbf-8366-4f8f-962b-17945ca3222a/assignments [32m200[0m 0.184 ms - 11[0m
[0mGET /api/projects/7355a433-204c-4f13-9342-30b373a8c334 [36m304[0m 0.259 ms - -[0m
[0mGET /api/versions/70d7b50f-4600-4c4a-86e0-aa8ad085516a/assignments [32m200[0m 0.237 ms - 11[0m
[0mGET /api/projects [36m304[0m 1.026 ms - -[0m
[0mGET /api/projects/d3974bae-01b8-4abf-8b6c-15232f38f482 [36m304[0m 0.470 ms - -[0m
[0mGET /api/projects/4343b3fe-394b-4c82-b9ca-5e725e12078e [36m304[0m 0.444 ms - -[0m
[0mGET /api/projects/db7435de-3a4c-4449-a653-1220dd486fa2 [36m304[0m 0.373 ms - -[0m
[0mGET /api/projects/5fbe0820-074a-48ad-9181-2ad8accb4efd [36m304[0m 0.332 ms - -[0m
[0mGET /api/projects/f3528b20-5d4a-4dbb-b42d-baafd004254c [36m304[0m 0.293 ms - -[0m
[0mGET /api/projects/53cc710e-e3fe-4e49-b9e5-77b479a1a8e4 [36m304[0m 0.309 ms - -[0m
[0mGET /api/projects/7355a433-204c-4f13-9342-30b373a8c334 [36m304[0m 0.259 ms - -[0m
[0mGET /api/versions/6eea495c-6991-4aec-a67b-2e4bbc6f6744/assignments [36m304[0m 0.289 ms - -[0m
[0mGET /api/versions/5df0cfba-f1ef-4036-a3d0-878053723a60/assignments [32m200[0m 0.294 ms - 11[0m
[0mGET /api/versions/12652cd4-a4b9-4737-98a5-07065f9658e0/assignments [32m200[0m 0.223 ms - 11[0m
[0mGET /api/versions/65f69bbe-3e40-4f75-a18a-77baaceed7be/assignments [36m304[0m 0.220 ms - -[0m
[0mGET /api/versions/cd521c22-611f-4a99-afec-e44847fbd2b3/assignments [32m200[0m 0.204 ms - 11[0m
[0mGET /api/versions/9e041323-2b37-4fb0-a587-6a9ca0797178/assignments [36m304[0m 0.174 ms - -[0m
[0mGET /api/versions/56eb3524-ed06-4c21-9ad1-f7f6b3ed9b84/assignments [32m200[0m 0.222 ms - 11[0m
[0mGET /api/versions/1fddc651-7c65-4602-b6ba-ae0904b25a4f/assignments [32m200[0m 0.210 ms - 11[0m
[0mGET /api/versions/e6ac73ca-08bf-4d19-842a-cf7e090d4f00/assignments [36m304[0m 0.207 ms - -[0m
[0mGET /api/versions/8cc5ec68-3a2c-4a99-ac39-435aac19b683/assignments [32m200[0m 0.172 ms - 11[0m
[0mGET /api/versions/ee87c029-427d-45d2-a771-10f32446ab14/assignments [36m304[0m 0.184 ms - -[0m
[0mGET /api/versions/586f0913-a7cb-47cf-9af0-97c420141f53/assignments [32m200[0m 0.228 ms - 11[0m
[0mGET /api/versions/669e2bbf-8366-4f8f-962b-17945ca3222a/assignments [36m304[0m 0.192 ms - -[0m
[0mGET /api/versions/7b9b1071-3b38-49f3-868f-b1c7d16de8d5/assignments [32m200[0m 0.178 ms - 11[0m
[0mGET /api/versions/70d7b50f-4600-4c4a-86e0-aa8ad085516a/assignments [36m304[0m 0.273 ms - -[0m
[0mGET /api/versions/24f124d2-d24a-41b1-a3bb-3c47d574af1e/assignments [32m200[0m 0.193 ms - 11[0m
[0mGET /api/versions/fd380555-ddfa-4123-84d9-2d930a784d9a/assignments [32m200[0m 0.367 ms - 11[0m
[0mPOST /api/auth/google [32m200[0m 0.489 ms - 486[0m
[0mPOST /api/auth/verify [32m200[0m 0.364 ms - 194[0m
[0mGET /api/analytics/overview [32m200[0m 0.705 ms - 192[0m
[0mGET /api/analytics/overview [36m304[0m 0.286 ms - -[0m
[0mGET /api/update-requests [32m200[0m 0.368 ms - -[0m
[0mGET /api/projects [32m200[0m 1.158 ms - -[0m
[0mGET /api/analytics/sessions?limit=50 [32m200[0m 0.785 ms - -[0m
[0mGET /api/projects [36m304[0m 1.140 ms - -[0m
[0mGET /api/projects/d3974bae-01b8-4abf-8b6c-15232f38f482 [32m200[0m 0.698 ms - -[0m
[0mGET /api/projects/d3974bae-01b8-4abf-8b6c-15232f38f482 [36m304[0m 0.339 ms - -[0m
[0mGET /api/projects/4343b3fe-394b-4c82-b9ca-5e725e12078e [32m200[0m 0.400 ms - 830[0m
[0mGET /api/projects/5fbe0820-074a-48ad-9181-2ad8accb4efd [32m200[0m 0.219 ms - 833[0m
[0mGET /api/versions/6eea495c-6991-4aec-a67b-2e4bbc6f6744/assignments [32m200[0m 0.216 ms - 406[0m
[0mGET /api/projects/f3528b20-5d4a-4dbb-b42d-baafd004254c [32m200[0m 0.196 ms - 826[0m
[0mGET /api/projects/53cc710e-e3fe-4e49-b9e5-77b479a1a8e4 [32m200[0m 0.546 ms - 815[0m
[0mGET /api/projects/4343b3fe-394b-4c82-b9ca-5e725e12078e [36m304[0m 0.191 ms - -[0m
[0mGET /api/projects/db7435de-3a4c-4449-a653-1220dd486fa2 [32m200[0m 0.432 ms - -[0m
[0mGET /api/projects/7355a433-204c-4f13-9342-30b373a8c334 [32m200[0m 0.309 ms - -[0m
[0mGET /api/versions/65f69bbe-3e40-4f75-a18a-77baaceed7be/assignments [32m200[0m 0.376 ms - 11[0m
[0mGET /api/projects/db7435de-3a4c-4449-a653-1220dd486fa2 [36m304[0m 0.404 ms - -[0m
[0mGET /api/versions/9e041323-2b37-4fb0-a587-6a9ca0797178/assignments [32m200[0m 0.227 ms - 11[0m
[0mGET /api/projects/5fbe0820-074a-48ad-9181-2ad8accb4efd [36m304[0m 0.262 ms - -[0m
[0mGET /api/versions/e6ac73ca-08bf-4d19-842a-cf7e090d4f00/assignments [32m200[0m 0.487 ms - 407[0m
[0mGET /api/projects/f3528b20-5d4a-4dbb-b42d-baafd004254c [36m304[0m 0.405 ms - -[0m
[0mGET /api/versions/ee87c029-427d-45d2-a771-10f32446ab14/assignments [32m200[0m 0.277 ms - 11[0m
[0mGET /api/projects/53cc710e-e3fe-4e49-b9e5-77b479a1a8e4 [36m304[0m 0.238 ms - -[0m
[0mGET /api/versions/669e2bbf-8366-4f8f-962b-17945ca3222a/assignments [32m200[0m 0.179 ms - 11[0m
[0mGET /api/projects/7355a433-204c-4f13-9342-30b373a8c334 [36m304[0m 0.279 ms - -[0m
[0mGET /api/versions/70d7b50f-4600-4c4a-86e0-aa8ad085516a/assignments [32m200[0m 0.278 ms - 11[0m
[0mGET /api/analytics/overview [36m304[0m 0.564 ms - -[0m
[0mGET /api/projects [36m304[0m 1.066 ms - -[0m
[0mGET /api/analytics/guides [32m200[0m 0.315 ms - 614[0m
[0mGET /api/analytics/sessions?limit=200 [32m200[0m 0.642 ms - -[0m
[0mPOST /api/auth/google [32m200[0m 1.319 ms - 486[0m
[0mPOST /api/auth/verify [32m200[0m 0.434 ms - 194[0m
[0mGET /api/analytics/overview [32m200[0m 0.436 ms - 192[0m
[0mGET /api/update-requests [32m200[0m 1.021 ms - -[0m
[0mGET /api/projects [32m200[0m 1.158 ms - -[0m
[0mGET /api/analytics/sessions?limit=50 [32m200[0m 0.988 ms - -[0m
[0mGET /api/analytics/overview [36m304[0m 0.345 ms - -[0m
[0mGET /api/projects [36m304[0m 0.752 ms - -[0m
[0mGET /api/projects/d3974bae-01b8-4abf-8b6c-15232f38f482 [32m200[0m 0.568 ms - -[0m
[0mGET /api/projects/d3974bae-01b8-4abf-8b6c-15232f38f482 [36m304[0m 0.435 ms - -[0m
[0mGET /api/projects/4343b3fe-394b-4c82-b9ca-5e725e12078e [32m200[0m 0.275 ms - 830[0m
[0mGET /api/projects/5fbe0820-074a-48ad-9181-2ad8accb4efd [32m200[0m 0.913 ms - 833[0m
[0mGET /api/projects/f3528b20-5d4a-4dbb-b42d-baafd004254c [32m200[0m 0.249 ms - 826[0m
[0mGET /api/projects/53cc710e-e3fe-4e49-b9e5-77b479a1a8e4 [32m200[0m 0.222 ms - 815[0m
[0mGET /api/versions/6eea495c-6991-4aec-a67b-2e4bbc6f6744/assignments [32m200[0m 0.257 ms - 406[0m
[0mGET /api/projects/db7435de-3a4c-4449-a653-1220dd486fa2 [32m200[0m 0.511 ms - -[0m
[0mGET /api/projects/7355a433-204c-4f13-9342-30b373a8c334 [32m200[0m 0.233 ms - -[0m
[0mGET /api/projects/4343b3fe-394b-4c82-b9ca-5e725e12078e [36m304[0m 0.371 ms - -[0m
[0mGET /api/versions/65f69bbe-3e40-4f75-a18a-77baaceed7be/assignments [32m200[0m 0.382 ms - 11[0m
[0mGET /api/projects/db7435de-3a4c-4449-a653-1220dd486fa2 [36m304[0m 0.291 ms - -[0m
[0mGET /api/versions/9e041323-2b37-4fb0-a587-6a9ca0797178/assignments [32m200[0m 0.255 ms - 11[0m
[0mGET /api/projects/5fbe0820-074a-48ad-9181-2ad8accb4efd [36m304[0m 0.340 ms - -[0m
[0mGET /api/versions/e6ac73ca-08bf-4d19-842a-cf7e090d4f00/assignments [32m200[0m 0.282 ms - 407[0m
[0mGET /api/projects/f3528b20-5d4a-4dbb-b42d-baafd004254c [36m304[0m 0.242 ms - -[0m
[0mGET /api/versions/ee87c029-427d-45d2-a771-10f32446ab14/assignments [32m200[0m 0.180 ms - 11[0m
[0mGET /api/projects/53cc710e-e3fe-4e49-b9e5-77b479a1a8e4 [36m304[0m 0.280 ms - -[0m
[0mGET /api/versions/669e2bbf-8366-4f8f-962b-17945ca3222a/assignments [32m200[0m 0.207 ms - 11[0m
[0mGET /api/projects/7355a433-204c-4f13-9342-30b373a8c334 [36m304[0m 0.312 ms - -[0m
[0mGET /api/versions/70d7b50f-4600-4c4a-86e0-aa8ad085516a/assignments [32m200[0m 0.235 ms - 11[0m
[0mGET /api/users [32m200[0m 0.464 ms - -[0m
[0mPOST /api/auth/google [32m200[0m 0.527 ms - 486[0m
[0mPOST /api/auth/verify [32m200[0m 0.374 ms - 194[0m
[0mGET /api/analytics/overview [32m200[0m 0.661 ms - 192[0m
[0mGET /api/analytics/overview [36m304[0m 0.668 ms - -[0m
[0mGET /api/update-requests [32m200[0m 0.501 ms - -[0m
[0mGET /api/analytics/sessions?limit=50 [32m200[0m 0.952 ms - -[0m
[0mGET /api/projects [32m200[0m 0.661 ms - -[0m
[0mGET /api/projects [36m304[0m 0.896 ms - -[0m
[0mGET /api/projects/d3974bae-01b8-4abf-8b6c-15232f38f482 [32m200[0m 0.680 ms - -[0m
[0mGET /api/projects/d3974bae-01b8-4abf-8b6c-15232f38f482 [36m304[0m 0.468 ms - -[0m
[0mGET /api/projects/4343b3fe-394b-4c82-b9ca-5e725e12078e [32m200[0m 0.360 ms - 830[0m
[0mGET /api/projects/5fbe0820-074a-48ad-9181-2ad8accb4efd [32m200[0m 0.478 ms - 833[0m
[0mGET /api/projects/f3528b20-5d4a-4dbb-b42d-baafd004254c [32m200[0m 0.283 ms - 826[0m
[0mGET /api/projects/53cc710e-e3fe-4e49-b9e5-77b479a1a8e4 [32m200[0m 0.196 ms - 815[0m
[0mGET /api/projects/db7435de-3a4c-4449-a653-1220dd486fa2 [32m200[0m 0.406 ms - -[0m
[0mGET /api/projects/7355a433-204c-4f13-9342-30b373a8c334 [32m200[0m 0.227 ms - -[0m
[0mGET /api/versions/6eea495c-6991-4aec-a67b-2e4bbc6f6744/assignments [32m200[0m 0.279 ms - 406[0m
[0mGET /api/projects/4343b3fe-394b-4c82-b9ca-5e725e12078e [36m304[0m 0.341 ms - -[0m
[0mGET /api/versions/65f69bbe-3e40-4f75-a18a-77baaceed7be/assignments [32m200[0m 0.412 ms - 11[0m
[0mGET /api/projects/db7435de-3a4c-4449-a653-1220dd486fa2 [36m304[0m 0.416 ms - -[0m
[0mGET /api/versions/9e041323-2b37-4fb0-a587-6a9ca0797178/assignments [32m200[0m 0.255 ms - 11[0m
[0mGET /api/projects/5fbe0820-074a-48ad-9181-2ad8accb4efd [36m304[0m 0.232 ms - -[0m
[0mGET /api/versions/e6ac73ca-08bf-4d19-842a-cf7e090d4f00/assignments [32m200[0m 0.237 ms - 407[0m
[0mGET /api/projects/f3528b20-5d4a-4dbb-b42d-baafd004254c [36m304[0m 0.251 ms - -[0m
[0mGET /api/versions/ee87c029-427d-45d2-a771-10f32446ab14/assignments [32m200[0m 0.198 ms - 11[0m
[0mGET /api/projects/53cc710e-e3fe-4e49-b9e5-77b479a1a8e4 [36m304[0m 0.282 ms - -[0m
[0mGET /api/versions/669e2bbf-8366-4f8f-962b-17945ca3222a/assignments [32m200[0m 0.206 ms - 11[0m
[0mGET /api/projects/7355a433-204c-4f13-9342-30b373a8c334 [36m304[0m 0.231 ms - -[0m
[0mGET /api/versions/70d7b50f-4600-4c4a-86e0-aa8ad085516a/assignments [32m200[0m 0.181 ms - 11[0m
[0mGET /api/update-requests [36m304[0m 0.585 ms - -[0m
[0mPOST /api/auth/google [32m200[0m 0.486 ms - 486[0m
[0mPOST /api/auth/verify [32m200[0m 0.272 ms - 194[0m
[0mGET /api/analytics/overview [32m200[0m 0.362 ms - 192[0m
[0mGET /api/analytics/overview [36m304[0m 0.220 ms - -[0m
[0mGET /api/projects [32m200[0m 1.262 ms - -[0m
[0mGET /api/update-requests [32m200[0m 0.371 ms - -[0m
[0mGET /api/analytics/sessions?limit=50 [32m200[0m 0.807 ms - -[0m
[0mGET /api/projects [36m304[0m 1.551 ms - -[0m
[0mGET /api/projects/d3974bae-01b8-4abf-8b6c-15232f38f482 [32m200[0m 0.650 ms - -[0m
[0mGET /api/projects/d3974bae-01b8-4abf-8b6c-15232f38f482 [36m304[0m 0.433 ms - -[0m
[0mGET /api/projects/4343b3fe-394b-4c82-b9ca-5e725e12078e [32m200[0m 0.479 ms - 830[0m
[0mGET /api/projects/5fbe0820-074a-48ad-9181-2ad8accb4efd [32m200[0m 0.274 ms - 833[0m
[0mGET /api/projects/f3528b20-5d4a-4dbb-b42d-baafd004254c [32m200[0m 0.203 ms - 826[0m
[0mGET /api/projects/53cc710e-e3fe-4e49-b9e5-77b479a1a8e4 [32m200[0m 0.192 ms - 815[0m
[0mGET /api/projects/7355a433-204c-4f13-9342-30b373a8c334 [32m200[0m 0.304 ms - -[0m
[0mGET /api/projects/db7435de-3a4c-4449-a653-1220dd486fa2 [32m200[0m 1.032 ms - -[0m
[0mGET /api/versions/6eea495c-6991-4aec-a67b-2e4bbc6f6744/assignments [32m200[0m 0.296 ms - 406[0m
[0mGET /api/projects/4343b3fe-394b-4c82-b9ca-5e725e12078e [36m304[0m 0.307 ms - -[0m
[0mGET /api/versions/65f69bbe-3e40-4f75-a18a-77baaceed7be/assignments [32m200[0m 0.387 ms - 11[0m
[0mGET /api/projects/db7435de-3a4c-4449-a653-1220dd486fa2 [36m304[0m 0.346 ms - -[0m
[0mGET /api/versions/9e041323-2b37-4fb0-a587-6a9ca0797178/assignments [32m200[0m 0.207 ms - 11[0m
[0mGET /api/projects/5fbe0820-074a-48ad-9181-2ad8accb4efd [36m304[0m 0.204 ms - -[0m
[0mGET /api/versions/e6ac73ca-08bf-4d19-842a-cf7e090d4f00/assignments [32m200[0m 0.268 ms - 407[0m
[0mGET /api/projects/f3528b20-5d4a-4dbb-b42d-baafd004254c [36m304[0m 0.622 ms - -[0m
[0mGET /api/versions/ee87c029-427d-45d2-a771-10f32446ab14/assignments [32m200[0m 0.453 ms - 11[0m
[0mGET /api/projects/53cc710e-e3fe-4e49-b9e5-77b479a1a8e4 [36m304[0m 0.305 ms - -[0m
[0mGET /api/versions/669e2bbf-8366-4f8f-962b-17945ca3222a/assignments [32m200[0m 0.261 ms - 11[0m
[0mGET /api/projects/7355a433-204c-4f13-9342-30b373a8c334 [36m304[0m 0.345 ms - -[0m
[0mGET /api/versions/70d7b50f-4600-4c4a-86e0-aa8ad085516a/assignments [32m200[0m 0.470 ms - 11[0m
[0mGET /api/projects [36m304[0m 1.339 ms - -[0m
[0mGET /api/projects/d3974bae-01b8-4abf-8b6c-15232f38f482 [36m304[0m 0.529 ms - -[0m
[0mGET /api/versions/6eea495c-6991-4aec-a67b-2e4bbc6f6744/pages [32m200[0m 0.687 ms - -[0m
[0mGET /api/projects/4343b3fe-394b-4c82-b9ca-5e725e12078e [36m304[0m 0.501 ms - -[0m
[0mGET /api/versions/65f69bbe-3e40-4f75-a18a-77baaceed7be/pages [32m200[0m 0.287 ms - 11[0m
[0mGET /api/projects/db7435de-3a4c-4449-a653-1220dd486fa2 [36m304[0m 0.318 ms - -[0m
[0mGET /api/versions/9e041323-2b37-4fb0-a587-6a9ca0797178/pages [32m200[0m 0.235 ms - 11[0m
[0mGET /api/projects/5fbe0820-074a-48ad-9181-2ad8accb4efd [36m304[0m 0.293 ms - -[0m
[0mGET /api/versions/e6ac73ca-08bf-4d19-842a-cf7e090d4f00/pages [32m200[0m 0.270 ms - -[0m
[0mGET /api/projects/f3528b20-5d4a-4dbb-b42d-baafd004254c [36m304[0m 0.240 ms - -[0m
[0mGET /api/versions/ee87c029-427d-45d2-a771-10f32446ab14/pages [32m200[0m 0.269 ms - -[0m
[0mGET /api/projects/53cc710e-e3fe-4e49-b9e5-77b479a1a8e4 [36m304[0m 0.360 ms - -[0m
[0mGET /api/versions/669e2bbf-8366-4f8f-962b-17945ca3222a/pages [32m200[0m 0.394 ms - 11[0m
[0mGET /api/projects/7355a433-204c-4f13-9342-30b373a8c334 [36m304[0m 0.314 ms - -[0m
[0mGET /api/versions/70d7b50f-4600-4c4a-86e0-aa8ad085516a/pages [32m200[0m 0.386 ms - 11[0m
[0mGET /api/users [32m200[0m 0.322 ms - -[0m
[0mPOST /api/auth/google [32m200[0m 0.863 ms - 486[0m
[0mPOST /api/auth/verify [32m200[0m 0.410 ms - 194[0m
[0mPOST /api/auth/google [32m200[0m 0.501 ms - 460[0m
[0mGET /api/projects [32m200[0m 1.442 ms - -[0m
[0mGET /api/analytics/overview [32m200[0m 0.636 ms - 192[0m
[0mGET /api/analytics/overview [36m304[0m 0.289 ms - -[0m
[0mGET /api/projects [32m200[0m 1.008 ms - -[0m
[0mGET /api/update-requests [32m200[0m 0.532 ms - -[0m
[0mGET /api/analytics/sessions?limit=50 [32m200[0m 1.030 ms - -[0m
[0mGET /api/projects [36m304[0m 0.860 ms - -[0m
[0mGET /api/projects/d3974bae-01b8-4abf-8b6c-15232f38f482 [32m200[0m 0.519 ms - -[0m
[0mGET /api/projects/d3974bae-01b8-4abf-8b6c-15232f38f482 [36m304[0m 0.428 ms - -[0m
[0mGET /api/projects/4343b3fe-394b-4c82-b9ca-5e725e12078e [32m200[0m 0.303 ms - 830[0m
[0mGET /api/projects/5fbe0820-074a-48ad-9181-2ad8accb4efd [32m200[0m 0.777 ms - 833[0m
[0mGET /api/projects/f3528b20-5d4a-4dbb-b42d-baafd004254c [32m200[0m 0.300 ms - 826[0m
[0mGET /api/projects/53cc710e-e3fe-4e49-b9e5-77b479a1a8e4 [32m200[0m 0.214 ms - 815[0m
[0mGET /api/projects/7355a433-204c-4f13-9342-30b373a8c334 [32m200[0m 0.253 ms - -[0m
[0mGET /api/projects/db7435de-3a4c-4449-a653-1220dd486fa2 [32m200[0m 0.490 ms - -[0m
[0mPOST /api/auth/verify [32m200[0m 0.459 ms - 194[0m
[0mPOST /api/auth/verify [32m200[0m 0.507 ms - 194[0m
[0mGET /api/projects [36m304[0m 0.938 ms - -[0m
[0mGET /api/analytics/overview [36m304[0m 0.362 ms - -[0m
[0mGET /api/update-requests [36m304[0m 0.615 ms - -[0m
[0mGET /api/projects/d3974bae-01b8-4abf-8b6c-15232f38f482 [36m304[0m 0.342 ms - -[0m
[0mGET /api/projects/d3974bae-01b8-4abf-8b6c-15232f38f482 [36m304[0m 0.371 ms - -[0m
[0mGET /api/projects/d3974bae-01b8-4abf-8b6c-15232f38f482 [36m304[0m 0.371 ms - -[0m
[0mGET /api/versions/6eea495c-6991-4aec-a67b-2e4bbc6f6744/assignments [32m200[0m 0.230 ms - 406[0m
[0mGET /api/versions/6eea495c-6991-4aec-a67b-2e4bbc6f6744/pages [32m200[0m 0.370 ms - -[0m
[0mGET /api/projects/4343b3fe-394b-4c82-b9ca-5e725e12078e [36m304[0m 0.330 ms - -[0m
[0mGET /api/versions/6eea495c-6991-4aec-a67b-2e4bbc6f6744/assignments [36m304[0m 0.505 ms - -[0m
[0mGET /api/versions/65f69bbe-3e40-4f75-a18a-77baaceed7be/assignments [32m200[0m 0.448 ms - 11[0m
[0mGET /api/versions/5df0cfba-f1ef-4036-a3d0-878053723a60/assignments [32m200[0m 0.247 ms - 11[0m
[0mGET /api/projects/db7435de-3a4c-4449-a653-1220dd486fa2 [32m200[0m 0.426 ms - -[0m
[0mGET /api/versions/12652cd4-a4b9-4737-98a5-07065f9658e0/assignments [32m200[0m 0.219 ms - 11[0m
[0mGET /api/versions/9e041323-2b37-4fb0-a587-6a9ca0797178/assignments [32m200[0m 0.238 ms - 11[0m
[0mGET /api/projects/5fbe0820-074a-48ad-9181-2ad8accb4efd [36m304[0m 0.521 ms - -[0m
[0mGET /api/versions/e6ac73ca-08bf-4d19-842a-cf7e090d4f00/assignments [32m200[0m 0.414 ms - 407[0m
[0mGET /api/projects/f3528b20-5d4a-4dbb-b42d-baafd004254c [32m200[0m 0.364 ms - 826[0m
[0mGET /api/versions/ee87c029-427d-45d2-a771-10f32446ab14/assignments [32m200[0m 0.222 ms - 11[0m
[0mGET /api/projects/53cc710e-e3fe-4e49-b9e5-77b479a1a8e4 [32m200[0m 0.266 ms - 815[0m
[0mGET /api/versions/669e2bbf-8366-4f8f-962b-17945ca3222a/assignments [32m200[0m 0.254 ms - 11[0m
[0mGET /api/projects/7355a433-204c-4f13-9342-30b373a8c334 [32m200[0m 0.417 ms - -[0m
[0mGET /api/versions/70d7b50f-4600-4c4a-86e0-aa8ad085516a/assignments [32m200[0m 0.214 ms - 11[0m
[0mPOST /api/auth/google [32m200[0m 0.447 ms - 486[0m
[0mPOST /api/auth/verify [32m200[0m 0.319 ms - 194[0m
[0mGET /api/analytics/overview [32m200[0m 0.393 ms - 192[0m
[0mGET /api/analytics/overview [36m304[0m 0.266 ms - -[0m
[0mGET /api/update-requests [32m200[0m 0.350 ms - -[0m
[0mGET /api/projects [32m200[0m 1.041 ms - -[0m
[0mGET /api/analytics/sessions?limit=50 [32m200[0m 1.142 ms - -[0m
[0mGET /api/projects [36m304[0m 1.043 ms - -[0m
[0mGET /api/projects/d3974bae-01b8-4abf-8b6c-15232f38f482 [32m200[0m 0.609 ms - -[0m
[0mGET /api/projects/d3974bae-01b8-4abf-8b6c-15232f38f482 [36m304[0m 0.419 ms - -[0m
[0mGET /api/projects/4343b3fe-394b-4c82-b9ca-5e725e12078e [32m200[0m 0.210 ms - 830[0m
[0mGET /api/projects/5fbe0820-074a-48ad-9181-2ad8accb4efd [32m200[0m 0.192 ms - 833[0m
[0mGET /api/projects/f3528b20-5d4a-4dbb-b42d-baafd004254c [32m200[0m 0.184 ms - 826[0m
[0mGET /api/projects/53cc710e-e3fe-4e49-b9e5-77b479a1a8e4 [32m200[0m 0.173 ms - 815[0m
[0mGET /api/versions/6eea495c-6991-4aec-a67b-2e4bbc6f6744/assignments [32m200[0m 0.197 ms - 406[0m
[0mGET /api/projects/7355a433-204c-4f13-9342-30b373a8c334 [32m200[0m 0.217 ms - -[0m
[0mGET /api/projects/db7435de-3a4c-4449-a653-1220dd486fa2 [32m200[0m 0.366 ms - -[0m
[0mGET /api/projects/4343b3fe-394b-4c82-b9ca-5e725e12078e [36m304[0m 0.485 ms - -[0m
[0mGET /api/versions/65f69bbe-3e40-4f75-a18a-77baaceed7be/assignments [32m200[0m 0.358 ms - 11[0m
[0mGET /api/projects/db7435de-3a4c-4449-a653-1220dd486fa2 [36m304[0m 0.530 ms - -[0m
[0mGET /api/versions/9e041323-2b37-4fb0-a587-6a9ca0797178/assignments [32m200[0m 0.313 ms - 11[0m
[0mGET /api/projects/5fbe0820-074a-48ad-9181-2ad8accb4efd [36m304[0m 0.294 ms - -[0m
[0mGET /api/versions/e6ac73ca-08bf-4d19-842a-cf7e090d4f00/assignments [32m200[0m 0.237 ms - 407[0m
[0mGET /api/projects/f3528b20-5d4a-4dbb-b42d-baafd004254c [36m304[0m 0.319 ms - -[0m
[0mGET /api/versions/ee87c029-427d-45d2-a771-10f32446ab14/assignments [32m200[0m 0.199 ms - 11[0m
[0mGET /api/projects/53cc710e-e3fe-4e49-b9e5-77b479a1a8e4 [36m304[0m 0.405 ms - -[0m
[0mGET /api/versions/669e2bbf-8366-4f8f-962b-17945ca3222a/assignments [32m200[0m 0.322 ms - 11[0m
[0mGET /api/projects/7355a433-204c-4f13-9342-30b373a8c334 [36m304[0m 0.311 ms - -[0m
[0mGET /api/versions/70d7b50f-4600-4c4a-86e0-aa8ad085516a/assignments [32m200[0m 0.216 ms - 11[0m
[0mGET /api/users [32m200[0m 0.520 ms - -[0m
[0mPOST /api/auth/login [32m200[0m 69.840 ms - 476[0m
[0mPOST /api/auth/login [32m200[0m 66.312 ms - 476[0m
[0mPOST /api/auth/verify [32m200[0m 0.478 ms - 190[0m
[0mHEAD /demo/salesforce/home [32m200[0m 2.859 ms - 4286[0m
[0mGET /api/projects [33m401[0m 0.194 ms - 46[0m
[0mGET /demo/salesforce/home [32m200[0m 1.137 ms - -[0m
[0mHEAD /demo/salesforce/home [32m200[0m 2.173 ms - 4286[0m
[0mGET /demo/salesforce/home [32m200[0m 1.048 ms - -[0m
[0mPOST /api/auth/google [32m200[0m 1.701 ms - 460[0m
[0mPOST /api/projects [32m201[0m 1.210 ms - 231[0m
[0mPOST /api/projects/ff84744d-37f1-48b4-bc49-9609c35f098d/versions [32m201[0m 0.882 ms - 242[0m
[0mDELETE /api/projects/ff84744d-37f1-48b4-bc49-9609c35f098d [32m200[0m 0.682 ms - 69[0m
[0mPOST /api/auth/google [32m200[0m 0.488 ms - 460[0m
[0mGET /api/projects [32m200[0m 0.989 ms - -[0m
[0mGET /api/users [32m200[0m 0.356 ms - -[0m
[0mGET /api/analytics/overview [32m200[0m 0.480 ms - 192[0m
[0mGET /api/analytics/sessions [32m200[0m 0.860 ms - -[0m
[0mGET /api/update-requests [32m200[0m 0.428 ms - -[0m
[0mGET /api/projects [32m200[0m 0.763 ms - -[0m
[0mGET /api/projects/d3974bae-01b8-4abf-8b6c-15232f38f482/versions [32m200[0m 0.517 ms - 792[0m
[0mGET /api/projects/d3974bae-01b8-4abf-8b6c-15232f38f482/obfuscation [32m200[0m 0.273 ms - -[0m
[0mGET /api/projects/d3974bae-01b8-4abf-8b6c-15232f38f482/versions [32m200[0m 0.458 ms - 792[0m
[0mGET /api/versions/6eea495c-6991-4aec-a67b-2e4bbc6f6744/tree [32m200[0m 0.370 ms - -[0m
[0mGET /api/versions/6eea495c-6991-4aec-a67b-2e4bbc6f6744/pages [32m200[0m 0.422 ms - -[0m
[0mPOST /api/auth/google [32m200[0m 2.051 ms - 460[0m
[0mPOST /api/auth/verify [32m200[0m 0.546 ms - 183[0m
[0mPOST /api/auth/verify [32m200[0m 0.352 ms - 183[0m
[0mGET /api/analytics/overview [32m200[0m 0.434 ms - 192[0m
[0mGET /api/analytics/overview [36m304[0m 0.243 ms - -[0m
[0mGET /api/projects [32m200[0m 2.146 ms - -[0m
[0mGET /api/update-requests [32m200[0m 0.608 ms - -[0m
[0mGET /api/analytics/sessions?limit=50 [32m200[0m 1.062 ms - -[0m
[0mGET /api/projects [36m304[0m 1.424 ms - -[0m
[0mGET /api/projects/d3974bae-01b8-4abf-8b6c-15232f38f482 [32m200[0m 0.439 ms - -[0m
[0mGET /api/projects/d3974bae-01b8-4abf-8b6c-15232f38f482 [36m304[0m 0.388 ms - -[0m
[0mGET /api/projects/4343b3fe-394b-4c82-b9ca-5e725e12078e [32m200[0m 0.276 ms - 830[0m
[0mGET /api/projects/5fbe0820-074a-48ad-9181-2ad8accb4efd [32m200[0m 0.607 ms - 833[0m
[0mGET /api/projects/f3528b20-5d4a-4dbb-b42d-baafd004254c [32m200[0m 0.305 ms - 826[0m
[0mGET /api/projects/53cc710e-e3fe-4e49-b9e5-77b479a1a8e4 [32m200[0m 0.449 ms - 815[0m
[0mGET /api/versions/6eea495c-6991-4aec-a67b-2e4bbc6f6744/assignments [32m200[0m 0.381 ms - 406[0m
[0mGET /api/projects/7355a433-204c-4f13-9342-30b373a8c334 [32m200[0m 0.498 ms - -[0m
[0mGET /api/projects/db7435de-3a4c-4449-a653-1220dd486fa2 [32m200[0m 0.526 ms - -[0m
[0mGET /api/projects/4343b3fe-394b-4c82-b9ca-5e725e12078e [36m304[0m 0.294 ms - -[0m
[0mGET /api/versions/65f69bbe-3e40-4f75-a18a-77baaceed7be/assignments [32m200[0m 0.529 ms - 11[0m
[0mGET /api/projects/db7435de-3a4c-4449-a653-1220dd486fa2 [36m304[0m 0.399 ms - -[0m
[0mGET /api/versions/9e041323-2b37-4fb0-a587-6a9ca0797178/assignments [32m200[0m 0.348 ms - 11[0m
[0mGET /api/projects/5fbe0820-074a-48ad-9181-2ad8accb4efd [36m304[0m 0.419 ms - -[0m
[0mGET /api/versions/e6ac73ca-08bf-4d19-842a-cf7e090d4f00/assignments [32m200[0m 0.274 ms - 407[0m
[0mGET /api/projects/f3528b20-5d4a-4dbb-b42d-baafd004254c [36m304[0m 0.289 ms - -[0m
[0mGET /api/versions/ee87c029-427d-45d2-a771-10f32446ab14/assignments [32m200[0m 0.324 ms - 11[0m
[0mGET /api/projects/53cc710e-e3fe-4e49-b9e5-77b479a1a8e4 [36m304[0m 0.440 ms - -[0m
[0mGET /api/versions/669e2bbf-8366-4f8f-962b-17945ca3222a/assignments [32m200[0m 0.381 ms - 11[0m
[0mGET /api/projects/7355a433-204c-4f13-9342-30b373a8c334 [36m304[0m 0.314 ms - -[0m
[0mGET /api/versions/70d7b50f-4600-4c4a-86e0-aa8ad085516a/assignments [32m200[0m 0.241 ms - 11[0m
[0mPOST /api/auth/verify [32m200[0m 0.449 ms - 183[0m
[0mPOST /api/auth/verify [32m200[0m 0.313 ms - 183[0m
[0mGET /api/projects [36m304[0m 1.382 ms - -[0m
[0mGET /api/analytics/overview [36m304[0m 0.625 ms - -[0m
[0mGET /api/update-requests [36m304[0m 0.357 ms - -[0m
[0mGET /api/projects [36m304[0m 0.843 ms - -[0m
[0mGET /api/projects/d3974bae-01b8-4abf-8b6c-15232f38f482 [36m304[0m 0.536 ms - -[0m
[0mGET /api/versions/6eea495c-6991-4aec-a67b-2e4bbc6f6744/assignments [36m304[0m 0.338 ms - -[0m
[0mGET /api/projects/4343b3fe-394b-4c82-b9ca-5e725e12078e [36m304[0m 0.587 ms - -[0m
[0mGET /api/versions/65f69bbe-3e40-4f75-a18a-77baaceed7be/assignments [36m304[0m 0.301 ms - -[0m
[0mGET /api/projects/db7435de-3a4c-4449-a653-1220dd486fa2 [36m304[0m 0.290 ms - -[0m
[0mGET /api/versions/9e041323-2b37-4fb0-a587-6a9ca0797178/assignments [36m304[0m 0.230 ms - -[0m
[0mGET /api/projects/5fbe0820-074a-48ad-9181-2ad8accb4efd [36m304[0m 0.312 ms - -[0m
[0mGET /api/versions/e6ac73ca-08bf-4d19-842a-cf7e090d4f00/assignments [36m304[0m 0.336 ms - -[0m
[0mGET /api/projects/f3528b20-5d4a-4dbb-b42d-baafd004254c [36m304[0m 0.342 ms - -[0m
[0mGET /api/versions/ee87c029-427d-45d2-a771-10f32446ab14/assignments [36m304[0m 0.221 ms - -[0m
[0mGET /api/projects/53cc710e-e3fe-4e49-b9e5-77b479a1a8e4 [36m304[0m 0.258 ms - -[0m
[0mGET /api/versions/669e2bbf-8366-4f8f-962b-17945ca3222a/assignments [36m304[0m 0.213 ms - -[0m
[0mGET /api/projects/7355a433-204c-4f13-9342-30b373a8c334 [36m304[0m 0.279 ms - -[0m
[0mGET /api/versions/70d7b50f-4600-4c4a-86e0-aa8ad085516a/assignments [36m304[0m 0.254 ms - -[0m
[0mPOST /api/auth/verify [32m200[0m 0.420 ms - 183[0m
[0mPOST /api/auth/verify [32m200[0m 0.408 ms - 183[0m
[0mGET /api/projects [36m304[0m 1.034 ms - -[0m
[0mGET /api/analytics/overview [36m304[0m 0.352 ms - -[0m
[0mGET /api/update-requests [36m304[0m 0.670 ms - -[0m
[0mGET /api/projects [36m304[0m 1.203 ms - -[0m
[0mGET /api/projects/d3974bae-01b8-4abf-8b6c-15232f38f482 [36m304[0m 0.693 ms - -[0m
[0mGET /api/projects/4343b3fe-394b-4c82-b9ca-5e725e12078e [36m304[0m 0.800 ms - -[0m
[0mGET /api/projects/db7435de-3a4c-4449-a653-1220dd486fa2 [36m304[0m 0.360 ms - -[0m
[0mGET /api/projects/5fbe0820-074a-48ad-9181-2ad8accb4efd [36m304[0m 0.376 ms - -[0m
[0mGET /api/projects/f3528b20-5d4a-4dbb-b42d-baafd004254c [36m304[0m 0.407 ms - -[0m
[0mGET /api/projects/53cc710e-e3fe-4e49-b9e5-77b479a1a8e4 [36m304[0m 0.441 ms - -[0m
[0mGET /api/projects/7355a433-204c-4f13-9342-30b373a8c334 [36m304[0m 0.247 ms - -[0m
[0mGET /api/versions/6eea495c-6991-4aec-a67b-2e4bbc6f6744/assignments [36m304[0m 0.258 ms - -[0m
[0mGET /api/projects/d3974bae-01b8-4abf-8b6c-15232f38f482 [36m304[0m 0.281 ms - -[0m
[0mGET /api/projects/4343b3fe-394b-4c82-b9ca-5e725e12078e [36m304[0m 0.564 ms - -[0m
[0mGET /api/analytics/guides [32m200[0m 1.074 ms - 614[0m
[0mGET /api/versions/65f69bbe-3e40-4f75-a18a-77baaceed7be/assignments [36m304[0m 0.164 ms - -[0m
[0mGET /api/projects/d3974bae-01b8-4abf-8b6c-15232f38f482/obfuscation [32m200[0m 0.287 ms - -[0m
[0mGET /api/versions/6eea495c-6991-4aec-a67b-2e4bbc6f6744/tree [32m200[0m 0.236 ms - -[0m
[0mGET /api/projects/db7435de-3a4c-4449-a653-1220dd486fa2 [36m304[0m 0.421 ms - -[0m
[0mGET /api/versions/9e041323-2b37-4fb0-a587-6a9ca0797178/assignments [36m304[0m 0.301 ms - -[0m
[0mGET /api/projects/5fbe0820-074a-48ad-9181-2ad8accb4efd [36m304[0m 0.260 ms - -[0m
[0mGET /api/versions/e6ac73ca-08bf-4d19-842a-cf7e090d4f00/assignments [36m304[0m 0.268 ms - -[0m
[0mGET /api/projects/f3528b20-5d4a-4dbb-b42d-baafd004254c [36m304[0m 0.395 ms - -[0m
[0mGET /api/versions/ee87c029-427d-45d2-a771-10f32446ab14/assignments [36m304[0m 0.260 ms - -[0m
[0mGET /api/projects/53cc710e-e3fe-4e49-b9e5-77b479a1a8e4 [36m304[0m 0.329 ms - -[0m
[0mGET /api/versions/669e2bbf-8366-4f8f-962b-17945ca3222a/assignments [36m304[0m 0.207 ms - -[0m
[0mGET /api/projects/7355a433-204c-4f13-9342-30b373a8c334 [36m304[0m 0.225 ms - -[0m
[0mGET /api/versions/70d7b50f-4600-4c4a-86e0-aa8ad085516a/assignments [36m304[0m 0.213 ms - -[0m
[0mPOST /api/auth/verify [32m200[0m 0.460 ms - 183[0m
[0mPOST /api/auth/verify [32m200[0m 0.309 ms - 183[0m
[0mGET /api/projects [36m304[0m 1.261 ms - -[0m
[0mGET /api/analytics/guides [36m304[0m 0.335 ms - -[0m
[0mGET /api/analytics/overview [36m304[0m 0.558 ms - -[0m
[0mGET /api/update-requests [36m304[0m 0.524 ms - -[0m
[0mGET /api/analytics/overview [36m304[0m 0.234 ms - -[0m
[0mGET /api/projects [36m304[0m 0.787 ms - -[0m
[0mGET /api/analytics/sessions?limit=200 [32m200[0m 0.642 ms - -[0m
[0mGET /api/projects/d3974bae-01b8-4abf-8b6c-15232f38f482 [36m304[0m 0.285 ms - -[0m
[0mGET /api/versions/6eea495c-6991-4aec-a67b-2e4bbc6f6744/assignments [36m304[0m 0.302 ms - -[0m
[0mGET /api/projects/4343b3fe-394b-4c82-b9ca-5e725e12078e [36m304[0m 0.332 ms - -[0m
[0mGET /api/versions/65f69bbe-3e40-4f75-a18a-77baaceed7be/assignments [36m304[0m 7.718 ms - -[0m
[0mGET /api/projects/db7435de-3a4c-4449-a653-1220dd486fa2 [36m304[0m 0.558 ms - -[0m
[0mGET /api/versions/9e041323-2b37-4fb0-a587-6a9ca0797178/assignments [36m304[0m 0.257 ms - -[0m
[0mGET /api/projects/5fbe0820-074a-48ad-9181-2ad8accb4efd [36m304[0m 0.463 ms - -[0m
[0mGET /api/versions/e6ac73ca-08bf-4d19-842a-cf7e090d4f00/assignments [36m304[0m 0.289 ms - -[0m
[0mGET /api/projects/f3528b20-5d4a-4dbb-b42d-baafd004254c [36m304[0m 0.435 ms - -[0m
[0mGET /api/versions/ee87c029-427d-45d2-a771-10f32446ab14/assignments [36m304[0m 0.258 ms - -[0m
[0mGET /api/projects/53cc710e-e3fe-4e49-b9e5-77b479a1a8e4 [36m304[0m 0.286 ms - -[0m
[0mGET /api/versions/669e2bbf-8366-4f8f-962b-17945ca3222a/assignments [36m304[0m 0.242 ms - -[0m
[0mGET /api/projects/7355a433-204c-4f13-9342-30b373a8c334 [36m304[0m 0.310 ms - -[0m
[0mGET /api/versions/70d7b50f-4600-4c4a-86e0-aa8ad085516a/assignments [36m304[0m 0.370 ms - -[0m
[0mPOST /api/auth/verify [32m200[0m 0.306 ms - 183[0m
[0mPOST /api/auth/verify [32m200[0m 0.254 ms - 183[0m
[0mGET /api/projects [36m304[0m 0.928 ms - -[0m
[0mGET /api/analytics/overview [36m304[0m 0.376 ms - -[0m
[0mGET /api/update-requests [36m304[0m 0.350 ms - -[0m
[0mGET /api/projects [36m304[0m 1.094 ms - -[0m
[0mGET /api/projects/d3974bae-01b8-4abf-8b6c-15232f38f482 [36m304[0m 0.350 ms - -[0m
[0mGET /api/projects/d3974bae-01b8-4abf-8b6c-15232f38f482 [36m304[0m 0.257 ms - -[0m
[0mGET /api/versions/6eea495c-6991-4aec-a67b-2e4bbc6f6744/assignments [36m304[0m 0.433 ms - -[0m
[0mGET /api/projects/4343b3fe-394b-4c82-b9ca-5e725e12078e [36m304[0m 0.340 ms - -[0m
[0mGET /api/projects/4343b3fe-394b-4c82-b9ca-5e725e12078e [36m304[0m 0.229 ms - -[0m
[0mGET /api/projects/db7435de-3a4c-4449-a653-1220dd486fa2 [36m304[0m 0.232 ms - -[0m
[0mGET /api/versions/65f69bbe-3e40-4f75-a18a-77baaceed7be/assignments [36m304[0m 0.215 ms - -[0m
[0mGET /api/projects/5fbe0820-074a-48ad-9181-2ad8accb4efd [36m304[0m 0.235 ms - -[0m
[0mGET /api/projects/db7435de-3a4c-4449-a653-1220dd486fa2 [36m304[0m 0.282 ms - -[0m
[0mGET /api/projects/f3528b20-5d4a-4dbb-b42d-baafd004254c [36m304[0m 0.177 ms - -[0m
[0mGET /api/versions/9e041323-2b37-4fb0-a587-6a9ca0797178/assignments [36m304[0m 0.136 ms - -[0m
[0mGET /api/projects/53cc710e-e3fe-4e49-b9e5-77b479a1a8e4 [36m304[0m 0.355 ms - -[0m
[0mGET /api/projects/5fbe0820-074a-48ad-9181-2ad8accb4efd [36m304[0m 0.384 ms - -[0m
[0mGET /api/projects/7355a433-204c-4f13-9342-30b373a8c334 [36m304[0m 0.281 ms - -[0m
[0mGET /api/versions/e6ac73ca-08bf-4d19-842a-cf7e090d4f00/assignments [36m304[0m 0.227 ms - -[0m
[0mGET /api/versions/6eea495c-6991-4aec-a67b-2e4bbc6f6744/assignments [36m304[0m 0.177 ms - -[0m
[0mGET /api/projects/f3528b20-5d4a-4dbb-b42d-baafd004254c [36m304[0m 0.321 ms - -[0m
[0mGET /api/versions/5df0cfba-f1ef-4036-a3d0-878053723a60/assignments [32m200[0m 0.208 ms - 11[0m
[0mGET /api/versions/ee87c029-427d-45d2-a771-10f32446ab14/assignments [36m304[0m 0.193 ms - -[0m
[0mGET /api/versions/12652cd4-a4b9-4737-98a5-07065f9658e0/assignments [32m200[0m 0.166 ms - 11[0m
[0mGET /api/projects/53cc710e-e3fe-4e49-b9e5-77b479a1a8e4 [36m304[0m 0.202 ms - -[0m
[0mGET /api/versions/65f69bbe-3e40-4f75-a18a-77baaceed7be/assignments [36m304[0m 0.177 ms - -[0m
[0mGET /api/versions/669e2bbf-8366-4f8f-962b-17945ca3222a/assignments [36m304[0m 0.166 ms - -[0m
[0mGET /api/projects/7355a433-204c-4f13-9342-30b373a8c334 [36m304[0m 0.352 ms - -[0m
[0mGET /api/versions/cd521c22-611f-4a99-afec-e44847fbd2b3/assignments [32m200[0m 0.205 ms - 11[0m
[0mGET /api/versions/70d7b50f-4600-4c4a-86e0-aa8ad085516a/assignments [36m304[0m 0.149 ms - -[0m
[0mGET /api/versions/9e041323-2b37-4fb0-a587-6a9ca0797178/assignments [36m304[0m 0.129 ms - -[0m
[0mGET /api/versions/56eb3524-ed06-4c21-9ad1-f7f6b3ed9b84/assignments [32m200[0m 0.191 ms - 11[0m
[0mGET /api/versions/1fddc651-7c65-4602-b6ba-ae0904b25a4f/assignments [32m200[0m 0.345 ms - 11[0m
[0mGET /api/versions/e6ac73ca-08bf-4d19-842a-cf7e090d4f00/assignments [36m304[0m 0.240 ms - -[0m
[0mGET /api/versions/8cc5ec68-3a2c-4a99-ac39-435aac19b683/assignments [32m200[0m 0.189 ms - 11[0m
[0mGET /api/versions/ee87c029-427d-45d2-a771-10f32446ab14/assignments [36m304[0m 0.214 ms - -[0m
[0mGET /api/versions/586f0913-a7cb-47cf-9af0-97c420141f53/assignments [32m200[0m 0.188 ms - 11[0m
[0mGET /api/versions/669e2bbf-8366-4f8f-962b-17945ca3222a/assignments [36m304[0m 0.170 ms - -[0m
[0mGET /api/versions/7b9b1071-3b38-49f3-868f-b1c7d16de8d5/assignments [32m200[0m 0.269 ms - 11[0m
[0mGET /api/versions/70d7b50f-4600-4c4a-86e0-aa8ad085516a/assignments [36m304[0m 0.228 ms - -[0m
[0mGET /api/versions/24f124d2-d24a-41b1-a3bb-3c47d574af1e/assignments [32m200[0m 0.212 ms - 11[0m
[0mGET /api/versions/fd380555-ddfa-4123-84d9-2d930a784d9a/assignments [32m200[0m 0.170 ms - 11[0m
[0mPOST /api/auth/verify [32m200[0m 0.306 ms - 183[0m
[0mPOST /api/auth/verify [32m200[0m 0.183 ms - 183[0m
[0mGET /api/projects [36m304[0m 1.069 ms - -[0m
[0mGET /api/analytics/overview [36m304[0m 0.363 ms - -[0m
[0mGET /api/update-requests [36m304[0m 0.293 ms - -[0m
[0mGET /api/users [32m200[0m 0.356 ms - -[0m
[0mGET /api/projects/d3974bae-01b8-4abf-8b6c-15232f38f482 [36m304[0m 0.454 ms - -[0m
[0mGET /api/versions/6eea495c-6991-4aec-a67b-2e4bbc6f6744/assignments [36m304[0m 0.308 ms - -[0m
[0mGET /api/projects/4343b3fe-394b-4c82-b9ca-5e725e12078e [36m304[0m 0.218 ms - -[0m
[0mGET /api/versions/65f69bbe-3e40-4f75-a18a-77baaceed7be/assignments [36m304[0m 0.368 ms - -[0m
[0mGET /api/projects/db7435de-3a4c-4449-a653-1220dd486fa2 [36m304[0m 0.392 ms - -[0m
[0mGET /api/versions/9e041323-2b37-4fb0-a587-6a9ca0797178/assignments [36m304[0m 0.194 ms - -[0m
[0mGET /api/projects/5fbe0820-074a-48ad-9181-2ad8accb4efd [36m304[0m 0.276 ms - -[0m
[0mGET /api/versions/e6ac73ca-08bf-4d19-842a-cf7e090d4f00/assignments [36m304[0m 0.238 ms - -[0m
[0mGET /api/projects/f3528b20-5d4a-4dbb-b42d-baafd004254c [36m304[0m 0.208 ms - -[0m
[0mGET /api/versions/ee87c029-427d-45d2-a771-10f32446ab14/assignments [36m304[0m 0.162 ms - -[0m
[0mGET /api/projects/53cc710e-e3fe-4e49-b9e5-77b479a1a8e4 [36m304[0m 0.218 ms - -[0m
[0mGET /api/versions/669e2bbf-8366-4f8f-962b-17945ca3222a/assignments [36m304[0m 0.157 ms - -[0m
[0mGET /api/projects/7355a433-204c-4f13-9342-30b373a8c334 [36m304[0m 0.217 ms - -[0m
[0mGET /api/versions/70d7b50f-4600-4c4a-86e0-aa8ad085516a/assignments [36m304[0m 0.165 ms - -[0m
[0mPOST /api/auth/verify [32m200[0m 0.278 ms - 183[0m
[0mPOST /api/auth/verify [32m200[0m 0.175 ms - 183[0m
[0mGET /api/projects [36m304[0m 1.298 ms - -[0m
[0mGET /api/analytics/overview [36m304[0m 0.488 ms - -[0m
[0mGET /api/update-requests [36m304[0m 0.334 ms - -[0m
[0mGET /api/projects [36m304[0m 0.671 ms - -[0m
[0mGET /api/projects/d3974bae-01b8-4abf-8b6c-15232f38f482 [36m304[0m 0.311 ms - -[0m
[0mGET /api/projects/d3974bae-01b8-4abf-8b6c-15232f38f482/obfuscation [36m304[0m 1.060 ms - -[0m
[0mGET /api/versions/6eea495c-6991-4aec-a67b-2e4bbc6f6744/assignments [36m304[0m 0.252 ms - -[0m
[0mGET /api/projects/4343b3fe-394b-4c82-b9ca-5e725e12078e [36m304[0m 0.516 ms - -[0m
[0mGET /api/versions/65f69bbe-3e40-4f75-a18a-77baaceed7be/assignments [36m304[0m 0.267 ms - -[0m
[0mGET /api/projects/db7435de-3a4c-4449-a653-1220dd486fa2 [36m304[0m 0.395 ms - -[0m
[0mGET /api/versions/9e041323-2b37-4fb0-a587-6a9ca0797178/assignments [36m304[0m 0.240 ms - -[0m
[0mGET /api/projects/5fbe0820-074a-48ad-9181-2ad8accb4efd [36m304[0m 0.266 ms - -[0m
[0mGET /api/versions/e6ac73ca-08bf-4d19-842a-cf7e090d4f00/assignments [36m304[0m 0.254 ms - -[0m
[0mGET /api/projects/f3528b20-5d4a-4dbb-b42d-baafd004254c [36m304[0m 0.292 ms - -[0m
[0mGET /api/versions/ee87c029-427d-45d2-a771-10f32446ab14/assignments [36m304[0m 0.240 ms - -[0m
[0mGET /api/projects/53cc710e-e3fe-4e49-b9e5-77b479a1a8e4 [36m304[0m 0.276 ms - -[0m
[0mGET /api/versions/669e2bbf-8366-4f8f-962b-17945ca3222a/assignments [36m304[0m 0.243 ms - -[0m
[0mGET /api/projects/7355a433-204c-4f13-9342-30b373a8c334 [36m304[0m 0.269 ms - -[0m
[0mGET /api/versions/70d7b50f-4600-4c4a-86e0-aa8ad085516a/assignments [36m304[0m 0.176 ms - -[0m
[0mPOST /api/projects/d3974bae-01b8-4abf-8b6c-15232f38f482/obfuscation/preview [32m200[0m 1.293 ms - 314[0m
[0mPOST /api/auth/verify [32m200[0m 0.287 ms - 183[0m
[0mPOST /api/auth/verify [32m200[0m 0.201 ms - 183[0m
[0mGET /api/projects [36m304[0m 1.018 ms - -[0m
[0mGET /api/analytics/overview [36m304[0m 0.309 ms - -[0m
[0mGET /api/update-requests [36m304[0m 0.324 ms - -[0m
[0mGET /api/update-requests [36m304[0m 0.245 ms - -[0m
[0mGET /api/projects/d3974bae-01b8-4abf-8b6c-15232f38f482 [36m304[0m 0.663 ms - -[0m
[0mGET /api/versions/6eea495c-6991-4aec-a67b-2e4bbc6f6744/assignments [36m304[0m 0.379 ms - -[0m
[0mGET /api/projects/4343b3fe-394b-4c82-b9ca-5e725e12078e [36m304[0m 0.385 ms - -[0m
[0mGET /api/versions/65f69bbe-3e40-4f75-a18a-77baaceed7be/assignments [36m304[0m 0.271 ms - -[0m
[0mGET /api/projects/db7435de-3a4c-4449-a653-1220dd486fa2 [36m304[0m 0.283 ms - -[0m
[0mGET /api/versions/9e041323-2b37-4fb0-a587-6a9ca0797178/assignments [36m304[0m 0.198 ms - -[0m
[0mGET /api/projects/5fbe0820-074a-48ad-9181-2ad8accb4efd [36m304[0m 0.295 ms - -[0m
[0mGET /api/versions/e6ac73ca-08bf-4d19-842a-cf7e090d4f00/assignments [36m304[0m 0.225 ms - -[0m
[0mGET /api/projects/f3528b20-5d4a-4dbb-b42d-baafd004254c [36m304[0m 0.189 ms - -[0m
[0mGET /api/versions/ee87c029-427d-45d2-a771-10f32446ab14/assignments [36m304[0m 0.194 ms - -[0m
[0mGET /api/projects/53cc710e-e3fe-4e49-b9e5-77b479a1a8e4 [36m304[0m 0.224 ms - -[0m
[0mGET /api/versions/669e2bbf-8366-4f8f-962b-17945ca3222a/assignments [36m304[0m 0.156 ms - -[0m
[0mGET /api/projects/7355a433-204c-4f13-9342-30b373a8c334 [36m304[0m 0.202 ms - -[0m
[0mGET /api/versions/70d7b50f-4600-4c4a-86e0-aa8ad085516a/assignments [36m304[0m 0.183 ms - -[0m
[0mPOST /api/auth/google [32m200[0m 0.542 ms - 460[0m
[0mGET /api/projects [32m200[0m 1.102 ms - -[0m
[0mPOST /api/auth/verify [32m200[0m 0.398 ms - 183[0m
[0mPOST /api/auth/verify [32m200[0m 0.259 ms - 183[0m
[0mGET /api/projects [36m304[0m 1.254 ms - -[0m
[0mGET /api/analytics/overview [36m304[0m 0.286 ms - -[0m
[0mGET /api/update-requests [36m304[0m 0.263 ms - -[0m
[0mGET /api/projects/d3974bae-01b8-4abf-8b6c-15232f38f482 [36m304[0m 0.193 ms - -[0m
[0mGET /api/projects/d3974bae-01b8-4abf-8b6c-15232f38f482 [36m304[0m 0.335 ms - -[0m
[0mGET /api/projects/d3974bae-01b8-4abf-8b6c-15232f38f482 [36m304[0m 0.396 ms - -[0m
[0mGET /api/versions/6eea495c-6991-4aec-a67b-2e4bbc6f6744/assignments [36m304[0m 0.285 ms - -[0m
[0mGET /api/projects/4343b3fe-394b-4c82-b9ca-5e725e12078e [36m304[0m 0.226 ms - -[0m
[0mGET /api/versions/6eea495c-6991-4aec-a67b-2e4bbc6f6744/pages [32m200[0m 0.365 ms - -[0m
[0mGET /api/versions/65f69bbe-3e40-4f75-a18a-77baaceed7be/assignments [36m304[0m 0.228 ms - -[0m
[0mGET /api/versions/6eea495c-6991-4aec-a67b-2e4bbc6f6744/assignments [36m304[0m 0.199 ms - -[0m
[0mGET /api/projects/db7435de-3a4c-4449-a653-1220dd486fa2 [36m304[0m 0.281 ms - -[0m
[0mGET /api/versions/5df0cfba-f1ef-4036-a3d0-878053723a60/assignments [36m304[0m 0.225 ms - -[0m
[0mGET /api/versions/9e041323-2b37-4fb0-a587-6a9ca0797178/assignments [36m304[0m 0.157 ms - -[0m
[0mGET /api/projects/5fbe0820-074a-48ad-9181-2ad8accb4efd [36m304[0m 0.190 ms - -[0m
[0mGET /api/versions/12652cd4-a4b9-4737-98a5-07065f9658e0/assignments [36m304[0m 0.136 ms - -[0m
[0mGET /api/versions/e6ac73ca-08bf-4d19-842a-cf7e090d4f00/assignments [36m304[0m 0.196 ms - -[0m
[0mGET /api/projects/f3528b20-5d4a-4dbb-b42d-baafd004254c [36m304[0m 0.426 ms - -[0m
[0mGET /api/versions/ee87c029-427d-45d2-a771-10f32446ab14/assignments [36m304[0m 0.297 ms - -[0m
[0mGET /api/projects/53cc710e-e3fe-4e49-b9e5-77b479a1a8e4 [36m304[0m 0.280 ms - -[0m
[0mGET /api/versions/669e2bbf-8366-4f8f-962b-17945ca3222a/assignments [36m304[0m 0.242 ms - -[0m
[0mGET /api/projects/7355a433-204c-4f13-9342-30b373a8c334 [36m304[0m 0.211 ms - -[0m
[0mGET /api/versions/70d7b50f-4600-4c4a-86e0-aa8ad085516a/assignments [36m304[0m 0.172 ms - -[0m
[0mHEAD /demo/salesforce/home [32m200[0m 1.046 ms - 4286[0m
[0mGET /api/projects [33m401[0m 0.075 ms - 46[0m
[0mGET /demo/salesforce/home [32m200[0m 0.688 ms - -[0m
[0mHEAD /demo/salesforce/home [32m200[0m 2.043 ms - 4286[0m
[0mGET /demo/salesforce/home [32m200[0m 0.743 ms - -[0m
[0mPOST /api/auth/google [32m200[0m 7.028 ms - 486[0m
[0mPOST /api/auth/verify [32m200[0m 1.590 ms - 194[0m
[0mGET /api/analytics/overview [36m304[0m 4.072 ms - -[0m
[0mGET /api/analytics/overview [36m304[0m 1.019 ms - -[0m
[0mGET /api/update-requests [32m200[0m 2.409 ms - -[0m
[0mGET /api/projects [32m200[0m 8.451 ms - -[0m
[0mGET /api/analytics/sessions?limit=50 [32m200[0m 3.987 ms - -[0m
[0mGET /api/projects [36m304[0m 2.598 ms - -[0m
[0mGET /api/projects/d3974bae-01b8-4abf-8b6c-15232f38f482 [32m200[0m 1.106 ms - -[0m
[0mGET /api/projects/d3974bae-01b8-4abf-8b6c-15232f38f482 [36m304[0m 0.927 ms - -[0m
[0mGET /api/projects/4343b3fe-394b-4c82-b9ca-5e725e12078e [32m200[0m 1.417 ms - 830[0m
[0mGET /api/projects/53cc710e-e3fe-4e49-b9e5-77b479a1a8e4 [32m200[0m 0.687 ms - 815[0m
[0mGET /api/projects/5fbe0820-074a-48ad-9181-2ad8accb4efd [32m200[0m 0.541 ms - 833[0m
[0mGET /api/projects/f3528b20-5d4a-4dbb-b42d-baafd004254c [32m200[0m 0.481 ms - 826[0m
[0mGET /api/versions/6eea495c-6991-4aec-a67b-2e4bbc6f6744/assignments [32m200[0m 0.723 ms - 406[0m
[0mGET /api/projects/db7435de-3a4c-4449-a653-1220dd486fa2 [32m200[0m 0.802 ms - -[0m
[0mGET /api/projects/7355a433-204c-4f13-9342-30b373a8c334 [32m200[0m 0.786 ms - -[0m
[0mGET /api/projects/4343b3fe-394b-4c82-b9ca-5e725e12078e [36m304[0m 0.630 ms - -[0m
[0mGET /api/versions/65f69bbe-3e40-4f75-a18a-77baaceed7be/assignments [32m200[0m 1.250 ms - 11[0m
[0mGET /api/projects/db7435de-3a4c-4449-a653-1220dd486fa2 [36m304[0m 1.242 ms - -[0m
[0mGET /api/versions/9e041323-2b37-4fb0-a587-6a9ca0797178/assignments [32m200[0m 0.689 ms - 11[0m
[0mGET /api/projects/5fbe0820-074a-48ad-9181-2ad8accb4efd [36m304[0m 0.831 ms - -[0m
[0mGET /api/versions/e6ac73ca-08bf-4d19-842a-cf7e090d4f00/assignments [32m200[0m 0.942 ms - 407[0m
[0mGET /api/projects/f3528b20-5d4a-4dbb-b42d-baafd004254c [36m304[0m 0.752 ms - -[0m
[0mGET /api/versions/ee87c029-427d-45d2-a771-10f32446ab14/assignments [32m200[0m 0.608 ms - 11[0m
[0mGET /api/projects/53cc710e-e3fe-4e49-b9e5-77b479a1a8e4 [36m304[0m 0.491 ms - -[0m
[0mGET /api/versions/669e2bbf-8366-4f8f-962b-17945ca3222a/assignments [32m200[0m 0.762 ms - 11[0m
[0mGET /api/projects/7355a433-204c-4f13-9342-30b373a8c334 [36m304[0m 0.798 ms - -[0m
[0mGET /api/versions/70d7b50f-4600-4c4a-86e0-aa8ad085516a/assignments [32m200[0m 0.630 ms - 11[0m
